TN:
SF:src/hooks/useBreakpoint.ts
FN:33,getInitialWidth
FN:37,useBreakpoint
FN:47,(anonymous_2)
FN:49,(anonymous_3)
FN:55,(anonymous_4)
FNF:5
FNH:5
FNDA:5,getInitialWidth
FNDA:3,useBreakpoint
FNDA:3,(anonymous_2)
FNDA:3,(anonymous_3)
FNDA:3,(anonymous_4)
DA:1,1
DA:33,1
DA:34,5
DA:37,1
DA:39,3
DA:47,3
DA:49,3
DA:51,3
DA:53,3
DA:55,3
DA:59,3
DA:60,3
DA:61,3
DA:64,3
DA:65,3
DA:66,1
DA:67,2
DA:68,1
DA:71,3
LF:19
LH:19
BRDA:34,0,0,3
BRDA:34,0,1,2
BRDA:60,1,0,3
BRDA:60,1,1,2
BRDA:65,2,0,1
BRDA:65,2,1,2
BRDA:67,3,0,1
BRDA:67,3,1,1
BRF:8
BRH:8
end_of_record
TN:
SF:src/hooks/useLanguageEffect.ts
FN:36,(anonymous_0)
FN:37,(anonymous_1)
FN:38,(anonymous_2)
FN:46,(anonymous_3)
FN:47,(anonymous_4)
FN:79,(anonymous_5)
FNF:6
FNH:6
FNDA:4,(anonymous_0)
FNDA:4,(anonymous_1)
FNDA:4,(anonymous_2)
FNDA:4,(anonymous_3)
FNDA:4,(anonymous_4)
FNDA:4,(anonymous_5)
DA:2,1
DA:3,1
DA:5,1
DA:10,1
DA:11,1
DA:36,1
DA:37,4
DA:38,4
DA:46,4
DA:47,4
DA:48,4
DA:49,4
DA:52,4
DA:53,2
DA:56,2
DA:57,2
DA:60,2
DA:66,2
DA:70,4
DA:79,4
DA:80,4
DA:81,4
DA:83,4
DA:84,2
LF:24
LH:24
BRDA:52,0,0,2
BRDA:52,0,1,2
BRDA:83,1,0,2
BRDA:83,1,1,2
BRDA:83,2,0,4
BRDA:83,2,1,2
BRF:6
BRH:6
end_of_record
TN:
SF:src/hooks/usePostRequest.ts
FN:46,(anonymous_0)
FN:60,(anonymous_1)
FN:90,(anonymous_2)
FNF:3
FNH:3
FNDA:873625,(anonymous_0)
FNDA:582416,(anonymous_1)
FNDA:582417,(anonymous_2)
DA:3,1
DA:46,1
DA:50,873625
DA:51,873625
DA:52,873625
DA:60,873625
DA:61,582416
DA:62,582416
DA:64,582416
DA:65,582416
DA:73,582412
DA:74,252180
DA:77,330232
DA:78,330232
DA:80,252184
DA:81,252182
DA:83,2
DA:86,582416
DA:90,873625
DA:91,582417
DA:92,582416
DA:96,873625
LF:22
LH:22
BRDA:73,0,0,252180
BRDA:73,0,1,330232
BRDA:80,1,0,252182
BRDA:80,1,1,2
BRDA:91,2,0,582416
BRDA:91,2,1,1
BRF:6
BRH:6
end_of_record
TN:
SF:src/hooks/useThemeFromCookies.ts
FN:29,(anonymous_0)
FN:39,(anonymous_1)
FN:54,(anonymous_2)
FNF:3
FNH:3
FNDA:2,(anonymous_0)
FNDA:2,(anonymous_1)
FNDA:2,(anonymous_2)
DA:2,1
DA:3,1
DA:5,1
DA:29,1
DA:30,2
DA:39,2
DA:40,2
DA:41,2
DA:42,2
DA:44,2
DA:45,2
DA:54,2
DA:55,2
DA:56,2
LF:14
LH:14
BRDA:41,0,0,2
BRDA:41,0,1,1
BRDA:58,1,0,2
BRDA:58,1,1,1
BRF:4
BRH:4
end_of_record
TN:
SF:src/stores/changeLanguageStore.ts
FN:39,(anonymous_0)
FN:52,(anonymous_1)
FN:86,(anonymous_2)
FN:104,(anonymous_3)
FNF:4
FNH:4
FNDA:2,(anonymous_0)
FNDA:6,(anonymous_1)
FNDA:1,(anonymous_2)
FNDA:54,(anonymous_3)
DA:2,2
DA:3,2
DA:4,2
DA:5,2
DA:7,2
DA:8,2
DA:11,2
DA:12,2
DA:36,2
DA:39,2
DA:53,6
DA:58,6
DA:67,6
DA:68,6
DA:70,6
DA:71,4
DA:72,4
DA:78,4
DA:87,1
DA:104,2
DA:106,54
LF:21
LH:21
BRDA:52,0,0,1
BRDA:70,1,0,4
BRDA:70,1,1,2
BRDA:78,2,0,4
BRDA:78,2,1,1
BRF:5
BRH:5
end_of_record
TN:
SF:src/stores/changeModeStore.ts
FN:40,(anonymous_0)
FN:48,(anonymous_1)
FN:49,(anonymous_2)
FN:63,(anonymous_3)
FN:76,(anonymous_4)
FN:82,(anonymous_5)
FN:83,(anonymous_6)
FN:101,(anonymous_7)
FN:116,(anonymous_8)
FNF:9
FNH:9
FNDA:3,(anonymous_0)
FNDA:2,(anonymous_1)
FNDA:2,(anonymous_2)
FNDA:1,(anonymous_3)
FNDA:7,(anonymous_4)
FNDA:2,(anonymous_5)
FNDA:2,(anonymous_6)
FNDA:2,(anonymous_7)
FNDA:3,(anonymous_8)
DA:2,3
DA:3,3
DA:4,3
DA:7,3
DA:8,3
DA:9,3
DA:10,3
DA:11,3
DA:38,3
DA:40,3
DA:49,2
DA:50,2
DA:51,2
DA:55,2
DA:56,2
DA:64,1
DA:68,1
DA:69,1
DA:76,7
DA:83,2
DA:84,2
DA:85,2
DA:89,2
DA:90,1
DA:92,1
DA:94,2
DA:102,2
DA:106,2
DA:107,1
DA:109,1
DA:111,2
DA:116,3
LF:32
LH:32
BRDA:50,0,0,1
BRDA:50,0,1,1
BRDA:89,1,0,1
BRDA:89,1,1,1
BRDA:106,2,0,1
BRDA:106,2,1,1
BRF:6
BRH:6
end_of_record
TN:
SF:src/stores/selectedLanguageMenuStore.ts
FN:31,(anonymous_0)
FN:37,(anonymous_1)
FN:51,(anonymous_2)
FNF:3
FNH:3
FNDA:2,(anonymous_0)
FNDA:2,(anonymous_1)
FNDA:1,(anonymous_2)
DA:2,2
DA:3,2
DA:4,2
DA:7,2
DA:28,2
DA:31,2
DA:39,2
DA:40,1
DA:41,1
DA:43,1
DA:53,1
DA:57,1
LF:12
LH:12
BRDA:39,0,0,1
BRDA:39,0,1,1
BRDA:41,1,0,1
BRDA:41,1,1,1
BRF:4
BRH:4
end_of_record
TN:
SF:src/stores/snackbarStore.ts
FN:29,(anonymous_0)
FN:44,(anonymous_1)
FN:45,(anonymous_2)
FN:53,(anonymous_3)
FN:54,(anonymous_4)
FNF:5
FNH:5
FNDA:3,(anonymous_0)
FNDA:5,(anonymous_1)
FNDA:5,(anonymous_2)
FNDA:1,(anonymous_3)
FNDA:1,(anonymous_4)
DA:2,3
DA:29,3
DA:45,5
DA:54,1
LF:4
LH:4
BRF:0
BRH:0
end_of_record
TN:
SF:src/stores/useCookieStore.ts
FN:34,(anonymous_0)
FN:54,(anonymous_1)
FN:70,(anonymous_2)
FNF:3
FNH:3
FNDA:2,(anonymous_0)
FNDA:1,(anonymous_1)
FNDA:1,(anonymous_2)
DA:2,2
DA:3,2
DA:6,2
DA:7,2
DA:34,2
DA:55,1
DA:56,1
DA:71,1
DA:72,1
LF:9
LH:9
BRDA:41,0,0,1
BRDA:41,0,1,1
BRDA:42,1,0,1
BRDA:42,1,1,1
BRF:4
BRH:4
end_of_record
